2022-04-27T15:02:55.183_245+00:00 [40735] [====] Start logger: ./srv3.log (32 MB per file, up to 10 files)	[logger.cc:979, start()]
2022-04-27T15:02:55.184_864+00:00 [40735] [INFO] Raft ASIO listener initiated, UNSECURED	[asio_service.cxx:749, asio_rpc_listener()]
2022-04-27T15:02:55.184_899+00:00 [40735] [INFO] parameters: timeout 1000 - 2000, heartbeat 500, leadership expiry 10000, max batch 100, backoff 50, snapshot distance 100000, log sync stop gap 99999, reserved logs 10000000, client timeout 4000, auto forwarding ON, API call type BLOCKING, custom commit quorum size 0, custom election quorum size 0, snapshot receiver INCLUDED, leadership transfer wait time 0, grace period of lagging state machine 0, snapshot IO: BLOCKING, parallel log appending: OFF	[raft_server.cxx:352, apply_and_log_current_params()]
2022-04-27T15:02:55.184_905+00:00 [40735] [INFO] new timeout range: 1000 -- 2000	[raft_server.cxx:326, update_rand_timeout()]
2022-04-27T15:02:55.184_934+00:00 [40735] [INFO]    === INIT RAFT SERVER ===
commit index 0
term 0
election timer allowed
log store start 1, end 0
config log idx 0, prev log idx 0	[raft_server.cxx:149, raft_server()]
2022-04-27T15:02:55.184_939+00:00 [40735] [INFO] peer 3: DC ID 1, tcp://localhost:12346, voting member, 50
my id: 3, voting_member
num peers: 0	[raft_server.cxx:242, raft_server()]
2022-04-27T15:02:55.184_942+00:00 [40735] [INFO] global manager does not exist. will use local thread for commit and append	[raft_server.cxx:260, start_server()]
2022-04-27T15:02:55.184_975+00:00 [40735] [INFO] wait for HB, for 50 + [1000, 2000] ms	[raft_server.cxx:285, start_server()]
2022-04-27T15:02:55.185_133+00:00 [40771] [INFO] bg append_entries thread initiated	[handle_append_entries.cxx:49, append_entries_in_bg()]
2022-04-27T15:02:56.770_241+00:00 [40742] [WARN] Election timeout, initiate leader election	[handle_timeout.cxx:286, handle_election_timeout()]
2022-04-27T15:02:56.770_253+00:00 [40742] [INFO] [PRIORITY] decay, target 1 -> 1, mine 50	[handle_priority.cxx:211, decay_target_priority()]
2022-04-27T15:02:56.770_268+00:00 [40742] [INFO] [ELECTION TIMEOUT] current role: follower, log last term 0, state term 0, target p 1, my p 50, hb dead, pre-vote NOT done	[handle_timeout.cxx:299, handle_election_timeout()]
2022-04-27T15:02:56.770_279+00:00 [40742] [INFO] [VOTE INIT] my id 3, my role candidate, term 1, log idx 0, log term 0, priority (target 1 / mine 50)	[handle_vote.cxx:225, request_vote()]
2022-04-27T15:02:56.770_286+00:00 [40742] [INFO] number of pending commit elements: 0	[raft_server.cxx:940, become_leader()]
2022-04-27T15:02:56.770_289+00:00 [40742] [INFO] state machine commit index 0, precommit index 0, last log index 0	[raft_server.cxx:953, become_leader()]
2022-04-27T15:02:56.770_308+00:00 [40742] [INFO] [BECOME LEADER] appended new config at 1	[raft_server.cxx:993, become_leader()]
2022-04-27T15:02:56.770_360+00:00 [40770] [INFO] config at index 1 is committed, prev config log idx 0	[handle_commit.cxx:396, commit_conf()]
2022-04-27T15:02:56.770_368+00:00 [40770] [INFO] new config log idx 1, prev log idx 0, cur config log idx 0, prev log idx 0	[handle_commit.cxx:589, reconfigure()]
2022-04-27T15:02:56.770_377+00:00 [40770] [INFO] new configuration: log idx 1, prev log idx 0
peer 3, DC ID 1, tcp://localhost:12346, voting member, 50
my id: 3, leader: 3, term: 1	[handle_commit.cxx:809, reconfigure()]
2022-04-27T15:03:57.574_577+00:00 [40867] [====] Start logger: ./srv3.log (32 MB per file, up to 10 files)	[logger.cc:979, start()]
2022-04-27T15:03:57.576_933+00:00 [40867] [INFO] Raft ASIO listener initiated, UNSECURED	[asio_service.cxx:749, asio_rpc_listener()]
2022-04-27T15:03:57.576_964+00:00 [40867] [INFO] parameters: timeout 1000 - 2000, heartbeat 500, leadership expiry 10000, max batch 100, backoff 50, snapshot distance 100000, log sync stop gap 99999, reserved logs 10000000, client timeout 4000, auto forwarding ON, API call type BLOCKING, custom commit quorum size 0, custom election quorum size 0, snapshot receiver INCLUDED, leadership transfer wait time 0, grace period of lagging state machine 0, snapshot IO: BLOCKING, parallel log appending: OFF	[raft_server.cxx:352, apply_and_log_current_params()]
2022-04-27T15:03:57.576_973+00:00 [40867] [INFO] new timeout range: 1000 -- 2000	[raft_server.cxx:326, update_rand_timeout()]
2022-04-27T15:03:57.576_998+00:00 [40867] [INFO]    === INIT RAFT SERVER ===
commit index 0
term 0
election timer allowed
log store start 1, end 0
config log idx 0, prev log idx 0	[raft_server.cxx:149, raft_server()]
2022-04-27T15:03:57.577_002+00:00 [40867] [INFO] peer 3: DC ID 1, tcp://localhost:12346, voting member, 50
my id: 3, voting_member
num peers: 0	[raft_server.cxx:242, raft_server()]
2022-04-27T15:03:57.577_005+00:00 [40867] [INFO] global manager does not exist. will use local thread for commit and append	[raft_server.cxx:260, start_server()]
2022-04-27T15:03:57.577_033+00:00 [40867] [INFO] wait for HB, for 50 + [1000, 2000] ms	[raft_server.cxx:285, start_server()]
2022-04-27T15:03:57.577_524+00:00 [40903] [INFO] bg append_entries thread initiated	[handle_append_entries.cxx:49, append_entries_in_bg()]
2022-04-27T15:03:59.256_238+00:00 [40874] [WARN] Election timeout, initiate leader election	[handle_timeout.cxx:286, handle_election_timeout()]
2022-04-27T15:03:59.256_250+00:00 [40874] [INFO] [PRIORITY] decay, target 1 -> 1, mine 50	[handle_priority.cxx:211, decay_target_priority()]
2022-04-27T15:03:59.256_267+00:00 [40874] [INFO] [ELECTION TIMEOUT] current role: follower, log last term 0, state term 0, target p 1, my p 50, hb dead, pre-vote NOT done	[handle_timeout.cxx:299, handle_election_timeout()]
2022-04-27T15:03:59.256_282+00:00 [40874] [INFO] [VOTE INIT] my id 3, my role candidate, term 1, log idx 0, log term 0, priority (target 1 / mine 50)	[handle_vote.cxx:225, request_vote()]
2022-04-27T15:03:59.256_288+00:00 [40874] [INFO] number of pending commit elements: 0	[raft_server.cxx:940, become_leader()]
2022-04-27T15:03:59.256_292+00:00 [40874] [INFO] state machine commit index 0, precommit index 0, last log index 0	[raft_server.cxx:953, become_leader()]
2022-04-27T15:03:59.256_310+00:00 [40874] [INFO] [BECOME LEADER] appended new config at 1	[raft_server.cxx:993, become_leader()]
2022-04-27T15:03:59.256_362+00:00 [40902] [INFO] config at index 1 is committed, prev config log idx 0	[handle_commit.cxx:396, commit_conf()]
2022-04-27T15:03:59.256_370+00:00 [40902] [INFO] new config log idx 1, prev log idx 0, cur config log idx 0, prev log idx 0	[handle_commit.cxx:589, reconfigure()]
2022-04-27T15:03:59.256_380+00:00 [40902] [INFO] new configuration: log idx 1, prev log idx 0
peer 3, DC ID 1, tcp://localhost:12346, voting member, 50
my id: 3, leader: 3, term: 1	[handle_commit.cxx:809, reconfigure()]
2022-04-27T15:04:08.885_991+00:00 [40874] [INFO] receive a incoming rpc connection	[asio_service.cxx:809, handle_accept()]
2022-04-27T15:04:08.886_014+00:00 [40874] [INFO] session 1 got connection from 127.0.0.1:52500 (as a server)	[asio_service.cxx:248, prepare_handshake()]
2022-04-27T15:04:08.886_126+00:00 [40874] [INFO] got join cluster req from leader 1	[handle_join_leave.cxx:165, handle_join_cluster_req()]
2022-04-27T15:04:08.886_152+00:00 [40874] [INFO] new config log idx 2, prev log idx 1, cur config log idx 1, prev log idx 0	[handle_commit.cxx:589, reconfigure()]
2022-04-27T15:04:08.886_222+00:00 [40874] [INFO] server 1 is added to cluster	[handle_commit.cxx:667, reconfigure()]
2022-04-27T15:04:08.886_259+00:00 [40874] [INFO] server 2 is added to cluster	[handle_commit.cxx:667, reconfigure()]
2022-04-27T15:04:08.886_262+00:00 [40874] [INFO] peer 3 cannot be found, no action for removing	[handle_commit.cxx:761, reconfigure()]
2022-04-27T15:04:08.886_264+00:00 [40874] [INFO] add peer 1, tcp://localhost:12347, voting member
add peer 2, tcp://localhost:12345, voting member	[handle_commit.cxx:766, reconfigure()]
2022-04-27T15:04:08.886_273+00:00 [40874] [INFO] new configuration: log idx 2, prev log idx 1
peer 1, DC ID 1, tcp://localhost:12347, voting member, 50
peer 2, DC ID 1, tcp://localhost:12345, voting member, 50
my id: 3, leader: 1, term: 1	[handle_commit.cxx:809, reconfigure()]
2022-04-27T15:04:08.887_051+00:00 [40874] [ERRO] session 1 failed to read rpc header from socket 127.0.0.1:52500 due to error 2, End of file, ref count 1	[asio_service.cxx:315, operator()()]
2022-04-27T15:04:59.225_278+00:00 [40999] [====] Start logger: ./srv3.log (32 MB per file, up to 10 files)	[logger.cc:979, start()]
2022-04-27T15:04:59.226_809+00:00 [40999] [INFO] Raft ASIO listener initiated, UNSECURED	[asio_service.cxx:749, asio_rpc_listener()]
2022-04-27T15:04:59.226_843+00:00 [40999] [INFO] parameters: timeout 1000 - 2000, heartbeat 500, leadership expiry 10000, max batch 100, backoff 50, snapshot distance 100000, log sync stop gap 99999, reserved logs 10000000, client timeout 4000, auto forwarding ON, API call type BLOCKING, custom commit quorum size 0, custom election quorum size 0, snapshot receiver INCLUDED, leadership transfer wait time 0, grace period of lagging state machine 0, snapshot IO: BLOCKING, parallel log appending: OFF	[raft_server.cxx:352, apply_and_log_current_params()]
2022-04-27T15:04:59.226_848+00:00 [40999] [INFO] new timeout range: 1000 -- 2000	[raft_server.cxx:326, update_rand_timeout()]
2022-04-27T15:04:59.226_874+00:00 [40999] [INFO]    === INIT RAFT SERVER ===
commit index 0
term 0
election timer allowed
log store start 1, end 0
config log idx 0, prev log idx 0	[raft_server.cxx:149, raft_server()]
2022-04-27T15:04:59.226_878+00:00 [40999] [INFO] peer 3: DC ID 1, tcp://localhost:12346, voting member, 50
my id: 3, voting_member
num peers: 0	[raft_server.cxx:242, raft_server()]
2022-04-27T15:04:59.226_881+00:00 [40999] [INFO] global manager does not exist. will use local thread for commit and append	[raft_server.cxx:260, start_server()]
2022-04-27T15:04:59.226_913+00:00 [40999] [INFO] wait for HB, for 50 + [1000, 2000] ms	[raft_server.cxx:285, start_server()]
2022-04-27T15:04:59.227_100+00:00 [41035] [INFO] bg append_entries thread initiated	[handle_append_entries.cxx:49, append_entries_in_bg()]
2022-04-27T15:05:00.965_130+00:00 [41006] [WARN] Election timeout, initiate leader election	[handle_timeout.cxx:286, handle_election_timeout()]
2022-04-27T15:05:00.965_142+00:00 [41006] [INFO] [PRIORITY] decay, target 1 -> 1, mine 50	[handle_priority.cxx:211, decay_target_priority()]
2022-04-27T15:05:00.965_158+00:00 [41006] [INFO] [ELECTION TIMEOUT] current role: follower, log last term 0, state term 0, target p 1, my p 50, hb dead, pre-vote NOT done	[handle_timeout.cxx:299, handle_election_timeout()]
2022-04-27T15:05:00.965_170+00:00 [41006] [INFO] [VOTE INIT] my id 3, my role candidate, term 1, log idx 0, log term 0, priority (target 1 / mine 50)	[handle_vote.cxx:225, request_vote()]
2022-04-27T15:05:00.965_177+00:00 [41006] [INFO] number of pending commit elements: 0	[raft_server.cxx:940, become_leader()]
2022-04-27T15:05:00.965_182+00:00 [41006] [INFO] state machine commit index 0, precommit index 0, last log index 0	[raft_server.cxx:953, become_leader()]
2022-04-27T15:05:00.965_201+00:00 [41006] [INFO] [BECOME LEADER] appended new config at 1	[raft_server.cxx:993, become_leader()]
2022-04-27T15:05:00.965_256+00:00 [41034] [INFO] config at index 1 is committed, prev config log idx 0	[handle_commit.cxx:396, commit_conf()]
2022-04-27T15:05:00.965_264+00:00 [41034] [INFO] new config log idx 1, prev log idx 0, cur config log idx 0, prev log idx 0	[handle_commit.cxx:589, reconfigure()]
2022-04-27T15:05:00.965_275+00:00 [41034] [INFO] new configuration: log idx 1, prev log idx 0
peer 3, DC ID 1, tcp://localhost:12346, voting member, 50
my id: 3, leader: 3, term: 1	[handle_commit.cxx:809, reconfigure()]
2022-04-27T15:05:11.036_265+00:00 [41006] [INFO] receive a incoming rpc connection	[asio_service.cxx:809, handle_accept()]
2022-04-27T15:05:11.036_284+00:00 [41006] [INFO] session 1 got connection from 127.0.0.1:52606 (as a server)	[asio_service.cxx:248, prepare_handshake()]
2022-04-27T15:05:11.036_380+00:00 [41006] [INFO] got join cluster req from leader 1	[handle_join_leave.cxx:165, handle_join_cluster_req()]
2022-04-27T15:05:11.036_403+00:00 [41006] [INFO] new config log idx 2, prev log idx 1, cur config log idx 1, prev log idx 0	[handle_commit.cxx:589, reconfigure()]
2022-04-27T15:05:11.036_457+00:00 [41006] [INFO] server 1 is added to cluster	[handle_commit.cxx:667, reconfigure()]
2022-04-27T15:05:11.036_491+00:00 [41006] [INFO] server 2 is added to cluster	[handle_commit.cxx:667, reconfigure()]
2022-04-27T15:05:11.036_494+00:00 [41006] [INFO] peer 3 cannot be found, no action for removing	[handle_commit.cxx:761, reconfigure()]
2022-04-27T15:05:11.036_495+00:00 [41006] [INFO] add peer 1, tcp://localhost:12347, voting member
add peer 2, tcp://localhost:12345, voting member	[handle_commit.cxx:766, reconfigure()]
2022-04-27T15:05:11.036_503+00:00 [41006] [INFO] new configuration: log idx 2, prev log idx 1
peer 1, DC ID 1, tcp://localhost:12347, voting member, 50
peer 2, DC ID 1, tcp://localhost:12345, voting member, 50
my id: 3, leader: 1, term: 1	[handle_commit.cxx:809, reconfigure()]
2022-04-27T15:05:11.037_206+00:00 [41006] [ERRO] session 1 failed to read rpc header from socket 127.0.0.1:52606 due to error 2, End of file, ref count 1	[asio_service.cxx:315, operator()()]
2022-04-27T15:06:01.367_875+00:00 [41132] [====] Start logger: ./srv3.log (32 MB per file, up to 10 files)	[logger.cc:979, start()]
2022-04-27T15:06:01.369_266+00:00 [41132] [INFO] Raft ASIO listener initiated, UNSECURED	[asio_service.cxx:749, asio_rpc_listener()]
2022-04-27T15:06:01.369_295+00:00 [41132] [INFO] parameters: timeout 1000 - 2000, heartbeat 500, leadership expiry 10000, max batch 100, backoff 50, snapshot distance 100000, log sync stop gap 99999, reserved logs 10000000, client timeout 4000, auto forwarding ON, API call type BLOCKING, custom commit quorum size 0, custom election quorum size 0, snapshot receiver INCLUDED, leadership transfer wait time 0, grace period of lagging state machine 0, snapshot IO: BLOCKING, parallel log appending: OFF	[raft_server.cxx:352, apply_and_log_current_params()]
2022-04-27T15:06:01.369_301+00:00 [41132] [INFO] new timeout range: 1000 -- 2000	[raft_server.cxx:326, update_rand_timeout()]
2022-04-27T15:06:01.369_325+00:00 [41132] [INFO]    === INIT RAFT SERVER ===
commit index 0
term 0
election timer allowed
log store start 1, end 0
config log idx 0, prev log idx 0	[raft_server.cxx:149, raft_server()]
2022-04-27T15:06:01.369_329+00:00 [41132] [INFO] peer 3: DC ID 1, tcp://localhost:12346, voting member, 50
my id: 3, voting_member
num peers: 0	[raft_server.cxx:242, raft_server()]
2022-04-27T15:06:01.369_331+00:00 [41132] [INFO] global manager does not exist. will use local thread for commit and append	[raft_server.cxx:260, start_server()]
2022-04-27T15:06:01.369_364+00:00 [41132] [INFO] wait for HB, for 50 + [1000, 2000] ms	[raft_server.cxx:285, start_server()]
2022-04-27T15:06:01.369_518+00:00 [41168] [INFO] bg append_entries thread initiated	[handle_append_entries.cxx:49, append_entries_in_bg()]
2022-04-27T15:06:02.447_582+00:00 [41139] [WARN] Election timeout, initiate leader election	[handle_timeout.cxx:286, handle_election_timeout()]
2022-04-27T15:06:02.447_593+00:00 [41139] [INFO] [PRIORITY] decay, target 1 -> 1, mine 50	[handle_priority.cxx:211, decay_target_priority()]
2022-04-27T15:06:02.447_607+00:00 [41139] [INFO] [ELECTION TIMEOUT] current role: follower, log last term 0, state term 0, target p 1, my p 50, hb dead, pre-vote NOT done	[handle_timeout.cxx:299, handle_election_timeout()]
2022-04-27T15:06:02.447_624+00:00 [41139] [INFO] [VOTE INIT] my id 3, my role candidate, term 1, log idx 0, log term 0, priority (target 1 / mine 50)	[handle_vote.cxx:225, request_vote()]
2022-04-27T15:06:02.447_630+00:00 [41139] [INFO] number of pending commit elements: 0	[raft_server.cxx:940, become_leader()]
2022-04-27T15:06:02.447_634+00:00 [41139] [INFO] state machine commit index 0, precommit index 0, last log index 0	[raft_server.cxx:953, become_leader()]
2022-04-27T15:06:02.447_651+00:00 [41139] [INFO] [BECOME LEADER] appended new config at 1	[raft_server.cxx:993, become_leader()]
2022-04-27T15:06:02.447_706+00:00 [41167] [INFO] config at index 1 is committed, prev config log idx 0	[handle_commit.cxx:396, commit_conf()]
2022-04-27T15:06:02.447_715+00:00 [41167] [INFO] new config log idx 1, prev log idx 0, cur config log idx 0, prev log idx 0	[handle_commit.cxx:589, reconfigure()]
2022-04-27T15:06:02.447_724+00:00 [41167] [INFO] new configuration: log idx 1, prev log idx 0
peer 3, DC ID 1, tcp://localhost:12346, voting member, 50
my id: 3, leader: 3, term: 1	[handle_commit.cxx:809, reconfigure()]
2022-04-27T15:07:03.273_342+00:00 [41268] [====] Start logger: ./srv3.log (32 MB per file, up to 10 files)	[logger.cc:979, start()]
2022-04-27T15:07:03.274_717+00:00 [41268] [INFO] Raft ASIO listener initiated, UNSECURED	[asio_service.cxx:749, asio_rpc_listener()]
2022-04-27T15:07:03.274_751+00:00 [41268] [INFO] parameters: timeout 1000 - 2000, heartbeat 500, leadership expiry 10000, max batch 100, backoff 50, snapshot distance 100000, log sync stop gap 99999, reserved logs 10000000, client timeout 4000, auto forwarding ON, API call type BLOCKING, custom commit quorum size 0, custom election quorum size 0, snapshot receiver INCLUDED, leadership transfer wait time 0, grace period of lagging state machine 0, snapshot IO: BLOCKING, parallel log appending: OFF	[raft_server.cxx:352, apply_and_log_current_params()]
2022-04-27T15:07:03.274_756+00:00 [41268] [INFO] new timeout range: 1000 -- 2000	[raft_server.cxx:326, update_rand_timeout()]
2022-04-27T15:07:03.274_781+00:00 [41268] [INFO]    === INIT RAFT SERVER ===
commit index 0
term 0
election timer allowed
log store start 1, end 0
config log idx 0, prev log idx 0	[raft_server.cxx:149, raft_server()]
2022-04-27T15:07:03.274_786+00:00 [41268] [INFO] peer 3: DC ID 1, tcp://localhost:12346, voting member, 50
my id: 3, voting_member
num peers: 0	[raft_server.cxx:242, raft_server()]
2022-04-27T15:07:03.274_788+00:00 [41268] [INFO] global manager does not exist. will use local thread for commit and append	[raft_server.cxx:260, start_server()]
2022-04-27T15:07:03.274_821+00:00 [41268] [INFO] wait for HB, for 50 + [1000, 2000] ms	[raft_server.cxx:285, start_server()]
2022-04-27T15:07:03.274_977+00:00 [41304] [INFO] bg append_entries thread initiated	[handle_append_entries.cxx:49, append_entries_in_bg()]
2022-04-27T15:07:05.222_088+00:00 [41275] [WARN] Election timeout, initiate leader election	[handle_timeout.cxx:286, handle_election_timeout()]
2022-04-27T15:07:05.222_100+00:00 [41275] [INFO] [PRIORITY] decay, target 1 -> 1, mine 50	[handle_priority.cxx:211, decay_target_priority()]
2022-04-27T15:07:05.222_116+00:00 [41275] [INFO] [ELECTION TIMEOUT] current role: follower, log last term 0, state term 0, target p 1, my p 50, hb dead, pre-vote NOT done	[handle_timeout.cxx:299, handle_election_timeout()]
2022-04-27T15:07:05.222_127+00:00 [41275] [INFO] [VOTE INIT] my id 3, my role candidate, term 1, log idx 0, log term 0, priority (target 1 / mine 50)	[handle_vote.cxx:225, request_vote()]
2022-04-27T15:07:05.222_133+00:00 [41275] [INFO] number of pending commit elements: 0	[raft_server.cxx:940, become_leader()]
2022-04-27T15:07:05.222_137+00:00 [41275] [INFO] state machine commit index 0, precommit index 0, last log index 0	[raft_server.cxx:953, become_leader()]
2022-04-27T15:07:05.222_156+00:00 [41275] [INFO] [BECOME LEADER] appended new config at 1	[raft_server.cxx:993, become_leader()]
2022-04-27T15:07:05.222_207+00:00 [41303] [INFO] config at index 1 is committed, prev config log idx 0	[handle_commit.cxx:396, commit_conf()]
2022-04-27T15:07:05.222_215+00:00 [41303] [INFO] new config log idx 1, prev log idx 0, cur config log idx 0, prev log idx 0	[handle_commit.cxx:589, reconfigure()]
2022-04-27T15:07:05.222_225+00:00 [41303] [INFO] new configuration: log idx 1, prev log idx 0
peer 3, DC ID 1, tcp://localhost:12346, voting member, 50
my id: 3, leader: 3, term: 1	[handle_commit.cxx:809, reconfigure()]
2022-04-27T15:08:05.667_091+00:00 [41406] [====] Start logger: ./srv3.log (32 MB per file, up to 10 files)	[logger.cc:979, start()]
2022-04-27T15:08:05.669_012+00:00 [41406] [INFO] Raft ASIO listener initiated, UNSECURED	[asio_service.cxx:749, asio_rpc_listener()]
2022-04-27T15:08:05.669_041+00:00 [41406] [INFO] parameters: timeout 1000 - 2000, heartbeat 500, leadership expiry 10000, max batch 100, backoff 50, snapshot distance 100000, log sync stop gap 99999, reserved logs 10000000, client timeout 4000, auto forwarding ON, API call type BLOCKING, custom commit quorum size 0, custom election quorum size 0, snapshot receiver INCLUDED, leadership transfer wait time 0, grace period of lagging state machine 0, snapshot IO: BLOCKING, parallel log appending: OFF	[raft_server.cxx:352, apply_and_log_current_params()]
2022-04-27T15:08:05.669_047+00:00 [41406] [INFO] new timeout range: 1000 -- 2000	[raft_server.cxx:326, update_rand_timeout()]
2022-04-27T15:08:05.669_069+00:00 [41406] [INFO]    === INIT RAFT SERVER ===
commit index 0
term 0
election timer allowed
log store start 1, end 0
config log idx 0, prev log idx 0	[raft_server.cxx:149, raft_server()]
2022-04-27T15:08:05.669_075+00:00 [41406] [INFO] peer 3: DC ID 1, tcp://localhost:12346, voting member, 50
my id: 3, voting_member
num peers: 0	[raft_server.cxx:242, raft_server()]
2022-04-27T15:08:05.669_077+00:00 [41406] [INFO] global manager does not exist. will use local thread for commit and append	[raft_server.cxx:260, start_server()]
2022-04-27T15:08:05.669_110+00:00 [41406] [INFO] wait for HB, for 50 + [1000, 2000] ms	[raft_server.cxx:285, start_server()]
2022-04-27T15:08:05.669_258+00:00 [41442] [INFO] bg append_entries thread initiated	[handle_append_entries.cxx:49, append_entries_in_bg()]
2022-04-27T15:08:06.872_305+00:00 [41413] [WARN] Election timeout, initiate leader election	[handle_timeout.cxx:286, handle_election_timeout()]
2022-04-27T15:08:06.872_318+00:00 [41413] [INFO] [PRIORITY] decay, target 1 -> 1, mine 50	[handle_priority.cxx:211, decay_target_priority()]
2022-04-27T15:08:06.872_333+00:00 [41413] [INFO] [ELECTION TIMEOUT] current role: follower, log last term 0, state term 0, target p 1, my p 50, hb dead, pre-vote NOT done	[handle_timeout.cxx:299, handle_election_timeout()]
2022-04-27T15:08:06.872_350+00:00 [41413] [INFO] [VOTE INIT] my id 3, my role candidate, term 1, log idx 0, log term 0, priority (target 1 / mine 50)	[handle_vote.cxx:225, request_vote()]
2022-04-27T15:08:06.872_356+00:00 [41413] [INFO] number of pending commit elements: 0	[raft_server.cxx:940, become_leader()]
2022-04-27T15:08:06.872_360+00:00 [41413] [INFO] state machine commit index 0, precommit index 0, last log index 0	[raft_server.cxx:953, become_leader()]
2022-04-27T15:08:06.872_377+00:00 [41413] [INFO] [BECOME LEADER] appended new config at 1	[raft_server.cxx:993, become_leader()]
2022-04-27T15:08:06.872_433+00:00 [41441] [INFO] config at index 1 is committed, prev config log idx 0	[handle_commit.cxx:396, commit_conf()]
2022-04-27T15:08:06.872_441+00:00 [41441] [INFO] new config log idx 1, prev log idx 0, cur config log idx 0, prev log idx 0	[handle_commit.cxx:589, reconfigure()]
2022-04-27T15:08:06.872_451+00:00 [41441] [INFO] new configuration: log idx 1, prev log idx 0
peer 3, DC ID 1, tcp://localhost:12346, voting member, 50
my id: 3, leader: 3, term: 1	[handle_commit.cxx:809, reconfigure()]
2022-04-27T15:09:08.066_363+00:00 [41547] [====] Start logger: ./srv3.log (32 MB per file, up to 10 files)	[logger.cc:979, start()]
2022-04-27T15:09:08.067_762+00:00 [41547] [INFO] Raft ASIO listener initiated, UNSECURED	[asio_service.cxx:749, asio_rpc_listener()]
2022-04-27T15:09:08.067_799+00:00 [41547] [INFO] parameters: timeout 1000 - 2000, heartbeat 500, leadership expiry 10000, max batch 100, backoff 50, snapshot distance 100000, log sync stop gap 99999, reserved logs 10000000, client timeout 4000, auto forwarding ON, API call type BLOCKING, custom commit quorum size 0, custom election quorum size 0, snapshot receiver INCLUDED, leadership transfer wait time 0, grace period of lagging state machine 0, snapshot IO: BLOCKING, parallel log appending: OFF	[raft_server.cxx:352, apply_and_log_current_params()]
2022-04-27T15:09:08.067_805+00:00 [41547] [INFO] new timeout range: 1000 -- 2000	[raft_server.cxx:326, update_rand_timeout()]
2022-04-27T15:09:08.067_828+00:00 [41547] [INFO]    === INIT RAFT SERVER ===
commit index 0
term 0
election timer allowed
log store start 1, end 0
config log idx 0, prev log idx 0	[raft_server.cxx:149, raft_server()]
2022-04-27T15:09:08.067_833+00:00 [41547] [INFO] peer 3: DC ID 1, tcp://localhost:12346, voting member, 50
my id: 3, voting_member
num peers: 0	[raft_server.cxx:242, raft_server()]
2022-04-27T15:09:08.067_836+00:00 [41547] [INFO] global manager does not exist. will use local thread for commit and append	[raft_server.cxx:260, start_server()]
2022-04-27T15:09:08.067_865+00:00 [41547] [INFO] wait for HB, for 50 + [1000, 2000] ms	[raft_server.cxx:285, start_server()]
2022-04-27T15:09:08.068_012+00:00 [41583] [INFO] bg append_entries thread initiated	[handle_append_entries.cxx:49, append_entries_in_bg()]
2022-04-27T15:09:09.459_099+00:00 [41554] [WARN] Election timeout, initiate leader election	[handle_timeout.cxx:286, handle_election_timeout()]
2022-04-27T15:09:09.459_111+00:00 [41554] [INFO] [PRIORITY] decay, target 1 -> 1, mine 50	[handle_priority.cxx:211, decay_target_priority()]
2022-04-27T15:09:09.459_127+00:00 [41554] [INFO] [ELECTION TIMEOUT] current role: follower, log last term 0, state term 0, target p 1, my p 50, hb dead, pre-vote NOT done	[handle_timeout.cxx:299, handle_election_timeout()]
2022-04-27T15:09:09.459_139+00:00 [41554] [INFO] [VOTE INIT] my id 3, my role candidate, term 1, log idx 0, log term 0, priority (target 1 / mine 50)	[handle_vote.cxx:225, request_vote()]
2022-04-27T15:09:09.459_146+00:00 [41554] [INFO] number of pending commit elements: 0	[raft_server.cxx:940, become_leader()]
2022-04-27T15:09:09.459_151+00:00 [41554] [INFO] state machine commit index 0, precommit index 0, last log index 0	[raft_server.cxx:953, become_leader()]
2022-04-27T15:09:09.459_171+00:00 [41554] [INFO] [BECOME LEADER] appended new config at 1	[raft_server.cxx:993, become_leader()]
2022-04-27T15:09:09.459_229+00:00 [41582] [INFO] config at index 1 is committed, prev config log idx 0	[handle_commit.cxx:396, commit_conf()]
2022-04-27T15:09:09.459_238+00:00 [41582] [INFO] new config log idx 1, prev log idx 0, cur config log idx 0, prev log idx 0	[handle_commit.cxx:589, reconfigure()]
2022-04-27T15:09:09.459_248+00:00 [41582] [INFO] new configuration: log idx 1, prev log idx 0
peer 3, DC ID 1, tcp://localhost:12346, voting member, 50
my id: 3, leader: 3, term: 1	[handle_commit.cxx:809, reconfigure()]
2022-04-27T15:10:10.469_549+00:00 [41688] [====] Start logger: ./srv3.log (32 MB per file, up to 10 files)	[logger.cc:979, start()]
2022-04-27T15:10:10.470_947+00:00 [41688] [INFO] Raft ASIO listener initiated, UNSECURED	[asio_service.cxx:749, asio_rpc_listener()]
2022-04-27T15:10:10.470_977+00:00 [41688] [INFO] parameters: timeout 1000 - 2000, heartbeat 500, leadership expiry 10000, max batch 100, backoff 50, snapshot distance 100000, log sync stop gap 99999, reserved logs 10000000, client timeout 4000, auto forwarding ON, API call type BLOCKING, custom commit quorum size 0, custom election quorum size 0, snapshot receiver INCLUDED, leadership transfer wait time 0, grace period of lagging state machine 0, snapshot IO: BLOCKING, parallel log appending: OFF	[raft_server.cxx:352, apply_and_log_current_params()]
2022-04-27T15:10:10.470_985+00:00 [41688] [INFO] new timeout range: 1000 -- 2000	[raft_server.cxx:326, update_rand_timeout()]
2022-04-27T15:10:10.471_007+00:00 [41688] [INFO]    === INIT RAFT SERVER ===
commit index 0
term 0
election timer allowed
log store start 1, end 0
config log idx 0, prev log idx 0	[raft_server.cxx:149, raft_server()]
2022-04-27T15:10:10.471_011+00:00 [41688] [INFO] peer 3: DC ID 1, tcp://localhost:12346, voting member, 50
my id: 3, voting_member
num peers: 0	[raft_server.cxx:242, raft_server()]
2022-04-27T15:10:10.471_014+00:00 [41688] [INFO] global manager does not exist. will use local thread for commit and append	[raft_server.cxx:260, start_server()]
2022-04-27T15:10:10.471_045+00:00 [41688] [INFO] wait for HB, for 50 + [1000, 2000] ms	[raft_server.cxx:285, start_server()]
2022-04-27T15:10:10.471_202+00:00 [41724] [INFO] bg append_entries thread initiated	[handle_append_entries.cxx:49, append_entries_in_bg()]
2022-04-27T15:10:11.847_318+00:00 [41695] [WARN] Election timeout, initiate leader election	[handle_timeout.cxx:286, handle_election_timeout()]
2022-04-27T15:10:11.847_330+00:00 [41695] [INFO] [PRIORITY] decay, target 1 -> 1, mine 50	[handle_priority.cxx:211, decay_target_priority()]
2022-04-27T15:10:11.847_345+00:00 [41695] [INFO] [ELECTION TIMEOUT] current role: follower, log last term 0, state term 0, target p 1, my p 50, hb dead, pre-vote NOT done	[handle_timeout.cxx:299, handle_election_timeout()]
2022-04-27T15:10:11.847_355+00:00 [41695] [INFO] [VOTE INIT] my id 3, my role candidate, term 1, log idx 0, log term 0, priority (target 1 / mine 50)	[handle_vote.cxx:225, request_vote()]
2022-04-27T15:10:11.847_361+00:00 [41695] [INFO] number of pending commit elements: 0	[raft_server.cxx:940, become_leader()]
2022-04-27T15:10:11.847_365+00:00 [41695] [INFO] state machine commit index 0, precommit index 0, last log index 0	[raft_server.cxx:953, become_leader()]
2022-04-27T15:10:11.847_384+00:00 [41695] [INFO] [BECOME LEADER] appended new config at 1	[raft_server.cxx:993, become_leader()]
2022-04-27T15:10:11.847_435+00:00 [41723] [INFO] config at index 1 is committed, prev config log idx 0	[handle_commit.cxx:396, commit_conf()]
2022-04-27T15:10:11.847_443+00:00 [41723] [INFO] new config log idx 1, prev log idx 0, cur config log idx 0, prev log idx 0	[handle_commit.cxx:589, reconfigure()]
2022-04-27T15:10:11.847_454+00:00 [41723] [INFO] new configuration: log idx 1, prev log idx 0
peer 3, DC ID 1, tcp://localhost:12346, voting member, 50
my id: 3, leader: 3, term: 1	[handle_commit.cxx:809, reconfigure()]
2022-04-27T15:11:12.368_062+00:00 [41831] [====] Start logger: ./srv3.log (32 MB per file, up to 10 files)	[logger.cc:979, start()]
2022-04-27T15:11:12.369_468+00:00 [41831] [INFO] Raft ASIO listener initiated, UNSECURED	[asio_service.cxx:749, asio_rpc_listener()]
2022-04-27T15:11:12.369_501+00:00 [41831] [INFO] parameters: timeout 1000 - 2000, heartbeat 500, leadership expiry 10000, max batch 100, backoff 50, snapshot distance 100000, log sync stop gap 99999, reserved logs 10000000, client timeout 4000, auto forwarding ON, API call type BLOCKING, custom commit quorum size 0, custom election quorum size 0, snapshot receiver INCLUDED, leadership transfer wait time 0, grace period of lagging state machine 0, snapshot IO: BLOCKING, parallel log appending: OFF	[raft_server.cxx:352, apply_and_log_current_params()]
2022-04-27T15:11:12.369_505+00:00 [41831] [INFO] new timeout range: 1000 -- 2000	[raft_server.cxx:326, update_rand_timeout()]
2022-04-27T15:11:12.369_527+00:00 [41831] [INFO]    === INIT RAFT SERVER ===
commit index 0
term 0
election timer allowed
log store start 1, end 0
config log idx 0, prev log idx 0	[raft_server.cxx:149, raft_server()]
2022-04-27T15:11:12.369_531+00:00 [41831] [INFO] peer 3: DC ID 1, tcp://localhost:12346, voting member, 50
my id: 3, voting_member
num peers: 0	[raft_server.cxx:242, raft_server()]
2022-04-27T15:11:12.369_534+00:00 [41831] [INFO] global manager does not exist. will use local thread for commit and append	[raft_server.cxx:260, start_server()]
2022-04-27T15:11:12.369_564+00:00 [41831] [INFO] wait for HB, for 50 + [1000, 2000] ms	[raft_server.cxx:285, start_server()]
2022-04-27T15:11:12.369_719+00:00 [41867] [INFO] bg append_entries thread initiated	[handle_append_entries.cxx:49, append_entries_in_bg()]
2022-04-27T15:11:13.752_756+00:00 [41838] [WARN] Election timeout, initiate leader election	[handle_timeout.cxx:286, handle_election_timeout()]
2022-04-27T15:11:13.752_767+00:00 [41838] [INFO] [PRIORITY] decay, target 1 -> 1, mine 50	[handle_priority.cxx:211, decay_target_priority()]
2022-04-27T15:11:13.752_782+00:00 [41838] [INFO] [ELECTION TIMEOUT] current role: follower, log last term 0, state term 0, target p 1, my p 50, hb dead, pre-vote NOT done	[handle_timeout.cxx:299, handle_election_timeout()]
2022-04-27T15:11:13.752_793+00:00 [41838] [INFO] [VOTE INIT] my id 3, my role candidate, term 1, log idx 0, log term 0, priority (target 1 / mine 50)	[handle_vote.cxx:225, request_vote()]
2022-04-27T15:11:13.752_800+00:00 [41838] [INFO] number of pending commit elements: 0	[raft_server.cxx:940, become_leader()]
2022-04-27T15:11:13.752_803+00:00 [41838] [INFO] state machine commit index 0, precommit index 0, last log index 0	[raft_server.cxx:953, become_leader()]
2022-04-27T15:11:13.752_822+00:00 [41838] [INFO] [BECOME LEADER] appended new config at 1	[raft_server.cxx:993, become_leader()]
2022-04-27T15:11:13.752_874+00:00 [41866] [INFO] config at index 1 is committed, prev config log idx 0	[handle_commit.cxx:396, commit_conf()]
2022-04-27T15:11:13.752_882+00:00 [41866] [INFO] new config log idx 1, prev log idx 0, cur config log idx 0, prev log idx 0	[handle_commit.cxx:589, reconfigure()]
2022-04-27T15:11:13.752_892+00:00 [41866] [INFO] new configuration: log idx 1, prev log idx 0
peer 3, DC ID 1, tcp://localhost:12346, voting member, 50
my id: 3, leader: 3, term: 1	[handle_commit.cxx:809, reconfigure()]
2022-04-27T15:12:14.769_241+00:00 [42004] [====] Start logger: ./srv3.log (32 MB per file, up to 10 files)	[logger.cc:979, start()]
2022-04-27T15:12:14.770_616+00:00 [42004] [INFO] Raft ASIO listener initiated, UNSECURED	[asio_service.cxx:749, asio_rpc_listener()]
2022-04-27T15:12:14.770_644+00:00 [42004] [INFO] parameters: timeout 1000 - 2000, heartbeat 500, leadership expiry 10000, max batch 100, backoff 50, snapshot distance 100000, log sync stop gap 99999, reserved logs 10000000, client timeout 4000, auto forwarding ON, API call type BLOCKING, custom commit quorum size 0, custom election quorum size 0, snapshot receiver INCLUDED, leadership transfer wait time 0, grace period of lagging state machine 0, snapshot IO: BLOCKING, parallel log appending: OFF	[raft_server.cxx:352, apply_and_log_current_params()]
2022-04-27T15:12:14.770_649+00:00 [42004] [INFO] new timeout range: 1000 -- 2000	[raft_server.cxx:326, update_rand_timeout()]
2022-04-27T15:12:14.770_692+00:00 [42004] [INFO]    === INIT RAFT SERVER ===
commit index 0
term 0
election timer allowed
log store start 1, end 0
config log idx 0, prev log idx 0	[raft_server.cxx:149, raft_server()]
2022-04-27T15:12:14.770_698+00:00 [42004] [INFO] peer 3: DC ID 1, tcp://localhost:12346, voting member, 50
my id: 3, voting_member
num peers: 0	[raft_server.cxx:242, raft_server()]
2022-04-27T15:12:14.770_701+00:00 [42004] [INFO] global manager does not exist. will use local thread for commit and append	[raft_server.cxx:260, start_server()]
2022-04-27T15:12:14.770_732+00:00 [42004] [INFO] wait for HB, for 50 + [1000, 2000] ms	[raft_server.cxx:285, start_server()]
2022-04-27T15:12:14.770_883+00:00 [42040] [INFO] bg append_entries thread initiated	[handle_append_entries.cxx:49, append_entries_in_bg()]
2022-04-27T15:12:16.358_916+00:00 [42011] [WARN] Election timeout, initiate leader election	[handle_timeout.cxx:286, handle_election_timeout()]
2022-04-27T15:12:16.358_928+00:00 [42011] [INFO] [PRIORITY] decay, target 1 -> 1, mine 50	[handle_priority.cxx:211, decay_target_priority()]
2022-04-27T15:12:16.358_944+00:00 [42011] [INFO] [ELECTION TIMEOUT] current role: follower, log last term 0, state term 0, target p 1, my p 50, hb dead, pre-vote NOT done	[handle_timeout.cxx:299, handle_election_timeout()]
2022-04-27T15:12:16.358_961+00:00 [42011] [INFO] [VOTE INIT] my id 3, my role candidate, term 1, log idx 0, log term 0, priority (target 1 / mine 50)	[handle_vote.cxx:225, request_vote()]
2022-04-27T15:12:16.358_967+00:00 [42011] [INFO] number of pending commit elements: 0	[raft_server.cxx:940, become_leader()]
2022-04-27T15:12:16.358_971+00:00 [42011] [INFO] state machine commit index 0, precommit index 0, last log index 0	[raft_server.cxx:953, become_leader()]
2022-04-27T15:12:16.358_988+00:00 [42011] [INFO] [BECOME LEADER] appended new config at 1	[raft_server.cxx:993, become_leader()]
2022-04-27T15:12:16.359_042+00:00 [42039] [INFO] config at index 1 is committed, prev config log idx 0	[handle_commit.cxx:396, commit_conf()]
2022-04-27T15:12:16.359_050+00:00 [42039] [INFO] new config log idx 1, prev log idx 0, cur config log idx 0, prev log idx 0	[handle_commit.cxx:589, reconfigure()]
2022-04-27T15:12:16.359_060+00:00 [42039] [INFO] new configuration: log idx 1, prev log idx 0
peer 3, DC ID 1, tcp://localhost:12346, voting member, 50
my id: 3, leader: 3, term: 1	[handle_commit.cxx:809, reconfigure()]
2022-04-27T15:12:27.080_380+00:00 [42011] [INFO] receive a incoming rpc connection	[asio_service.cxx:809, handle_accept()]
2022-04-27T15:12:27.080_403+00:00 [42011] [INFO] session 1 got connection from 127.0.0.1:53370 (as a server)	[asio_service.cxx:248, prepare_handshake()]
2022-04-27T15:12:27.080_519+00:00 [42011] [INFO] got join cluster req from leader 1	[handle_join_leave.cxx:165, handle_join_cluster_req()]
2022-04-27T15:12:27.080_545+00:00 [42011] [INFO] new config log idx 2, prev log idx 1, cur config log idx 1, prev log idx 0	[handle_commit.cxx:589, reconfigure()]
2022-04-27T15:12:27.080_607+00:00 [42011] [INFO] server 1 is added to cluster	[handle_commit.cxx:667, reconfigure()]
2022-04-27T15:12:27.080_642+00:00 [42011] [INFO] server 2 is added to cluster	[handle_commit.cxx:667, reconfigure()]
2022-04-27T15:12:27.080_645+00:00 [42011] [INFO] peer 3 cannot be found, no action for removing	[handle_commit.cxx:761, reconfigure()]
2022-04-27T15:12:27.080_647+00:00 [42011] [INFO] add peer 1, tcp://localhost:12347, voting member
add peer 2, tcp://localhost:12345, voting member	[handle_commit.cxx:766, reconfigure()]
2022-04-27T15:12:27.080_654+00:00 [42011] [INFO] new configuration: log idx 2, prev log idx 1
peer 1, DC ID 1, tcp://localhost:12347, voting member, 50
peer 2, DC ID 1, tcp://localhost:12345, voting member, 50
my id: 3, leader: 1, term: 1	[handle_commit.cxx:809, reconfigure()]
2022-04-27T15:12:27.081_405+00:00 [42011] [ERRO] session 1 failed to read rpc header from socket 127.0.0.1:53370 due to error 2, End of file, ref count 1	[asio_service.cxx:315, operator()()]
2022-04-27T15:22:37.964_511+00:00 [42368] [====] Start logger: ./srv3.log (32 MB per file, up to 10 files)	[logger.cc:979, start()]
2022-04-27T15:22:37.965_872+00:00 [42368] [INFO] Raft ASIO listener initiated, UNSECURED	[asio_service.cxx:749, asio_rpc_listener()]
2022-04-27T15:22:37.965_902+00:00 [42368] [INFO] parameters: timeout 1000 - 2000, heartbeat 500, leadership expiry 10000, max batch 100, backoff 50, snapshot distance 100000, log sync stop gap 99999, reserved logs 10000000, client timeout 4000, auto forwarding ON, API call type BLOCKING, custom commit quorum size 0, custom election quorum size 0, snapshot receiver INCLUDED, leadership transfer wait time 0, grace period of lagging state machine 0, snapshot IO: BLOCKING, parallel log appending: OFF	[raft_server.cxx:352, apply_and_log_current_params()]
2022-04-27T15:22:37.965_910+00:00 [42368] [INFO] new timeout range: 1000 -- 2000	[raft_server.cxx:326, update_rand_timeout()]
2022-04-27T15:22:37.965_930+00:00 [42368] [INFO]    === INIT RAFT SERVER ===
commit index 0
term 0
election timer allowed
log store start 1, end 0
config log idx 0, prev log idx 0	[raft_server.cxx:149, raft_server()]
2022-04-27T15:22:37.965_935+00:00 [42368] [INFO] peer 3: DC ID 1, tcp://localhost:12346, voting member, 50
my id: 3, voting_member
num peers: 0	[raft_server.cxx:242, raft_server()]
2022-04-27T15:22:37.965_937+00:00 [42368] [INFO] global manager does not exist. will use local thread for commit and append	[raft_server.cxx:260, start_server()]
2022-04-27T15:22:37.965_970+00:00 [42368] [INFO] wait for HB, for 50 + [1000, 2000] ms	[raft_server.cxx:285, start_server()]
2022-04-27T15:22:37.966_117+00:00 [42404] [INFO] bg append_entries thread initiated	[handle_append_entries.cxx:49, append_entries_in_bg()]
2022-04-27T15:22:39.244_188+00:00 [42375] [WARN] Election timeout, initiate leader election	[handle_timeout.cxx:286, handle_election_timeout()]
2022-04-27T15:22:39.244_201+00:00 [42375] [INFO] [PRIORITY] decay, target 1 -> 1, mine 50	[handle_priority.cxx:211, decay_target_priority()]
2022-04-27T15:22:39.244_216+00:00 [42375] [INFO] [ELECTION TIMEOUT] current role: follower, log last term 0, state term 0, target p 1, my p 50, hb dead, pre-vote NOT done	[handle_timeout.cxx:299, handle_election_timeout()]
2022-04-27T15:22:39.244_227+00:00 [42375] [INFO] [VOTE INIT] my id 3, my role candidate, term 1, log idx 0, log term 0, priority (target 1 / mine 50)	[handle_vote.cxx:225, request_vote()]
2022-04-27T15:22:39.244_233+00:00 [42375] [INFO] number of pending commit elements: 0	[raft_server.cxx:940, become_leader()]
2022-04-27T15:22:39.244_237+00:00 [42375] [INFO] state machine commit index 0, precommit index 0, last log index 0	[raft_server.cxx:953, become_leader()]
2022-04-27T15:22:39.244_255+00:00 [42375] [INFO] [BECOME LEADER] appended new config at 1	[raft_server.cxx:993, become_leader()]
2022-04-27T15:22:39.244_309+00:00 [42403] [INFO] config at index 1 is committed, prev config log idx 0	[handle_commit.cxx:396, commit_conf()]
2022-04-27T15:22:39.244_317+00:00 [42403] [INFO] new config log idx 1, prev log idx 0, cur config log idx 0, prev log idx 0	[handle_commit.cxx:589, reconfigure()]
2022-04-27T15:22:39.244_327+00:00 [42403] [INFO] new configuration: log idx 1, prev log idx 0
peer 3, DC ID 1, tcp://localhost:12346, voting member, 50
my id: 3, leader: 3, term: 1	[handle_commit.cxx:809, reconfigure()]
2022-04-27T15:22:50.270_231+00:00 [42375] [INFO] receive a incoming rpc connection	[asio_service.cxx:809, handle_accept()]
2022-04-27T15:22:50.270_251+00:00 [42375] [INFO] session 1 got connection from 127.0.0.1:53474 (as a server)	[asio_service.cxx:248, prepare_handshake()]
2022-04-27T15:22:50.270_341+00:00 [42375] [INFO] got join cluster req from leader 1	[handle_join_leave.cxx:165, handle_join_cluster_req()]
2022-04-27T15:22:50.270_363+00:00 [42375] [INFO] new config log idx 2, prev log idx 1, cur config log idx 1, prev log idx 0	[handle_commit.cxx:589, reconfigure()]
2022-04-27T15:22:50.270_419+00:00 [42375] [INFO] server 1 is added to cluster	[handle_commit.cxx:667, reconfigure()]
2022-04-27T15:22:50.270_447+00:00 [42375] [INFO] server 2 is added to cluster	[handle_commit.cxx:667, reconfigure()]
2022-04-27T15:22:50.270_449+00:00 [42375] [INFO] peer 3 cannot be found, no action for removing	[handle_commit.cxx:761, reconfigure()]
2022-04-27T15:22:50.270_451+00:00 [42375] [INFO] add peer 1, tcp://localhost:12347, voting member
add peer 2, tcp://localhost:12345, voting member	[handle_commit.cxx:766, reconfigure()]
2022-04-27T15:22:50.270_458+00:00 [42375] [INFO] new configuration: log idx 2, prev log idx 1
peer 1, DC ID 1, tcp://localhost:12347, voting member, 50
peer 2, DC ID 1, tcp://localhost:12345, voting member, 50
my id: 3, leader: 1, term: 1	[handle_commit.cxx:809, reconfigure()]
2022-04-27T15:22:50.271_180+00:00 [42375] [ERRO] session 1 failed to read rpc header from socket 127.0.0.1:53474 due to error 2, End of file, ref count 1	[asio_service.cxx:315, operator()()]
2022-04-27T15:23:40.597_328+00:00 [42497] [====] Start logger: ./srv3.log (32 MB per file, up to 10 files)	[logger.cc:979, start()]
2022-04-27T15:23:40.599_587+00:00 [42497] [INFO] Raft ASIO listener initiated, UNSECURED	[asio_service.cxx:749, asio_rpc_listener()]
2022-04-27T15:23:40.599_621+00:00 [42497] [INFO] parameters: timeout 1000 - 2000, heartbeat 500, leadership expiry 10000, max batch 100, backoff 50, snapshot distance 100000, log sync stop gap 99999, reserved logs 10000000, client timeout 4000, auto forwarding ON, API call type BLOCKING, custom commit quorum size 0, custom election quorum size 0, snapshot receiver INCLUDED, leadership transfer wait time 0, grace period of lagging state machine 0, snapshot IO: BLOCKING, parallel log appending: OFF	[raft_server.cxx:352, apply_and_log_current_params()]
2022-04-27T15:23:40.599_627+00:00 [42497] [INFO] new timeout range: 1000 -- 2000	[raft_server.cxx:326, update_rand_timeout()]
2022-04-27T15:23:40.599_650+00:00 [42497] [INFO]    === INIT RAFT SERVER ===
commit index 0
term 0
election timer allowed
log store start 1, end 0
config log idx 0, prev log idx 0	[raft_server.cxx:149, raft_server()]
2022-04-27T15:23:40.599_654+00:00 [42497] [INFO] peer 3: DC ID 1, tcp://localhost:12346, voting member, 50
my id: 3, voting_member
num peers: 0	[raft_server.cxx:242, raft_server()]
2022-04-27T15:23:40.599_657+00:00 [42497] [INFO] global manager does not exist. will use local thread for commit and append	[raft_server.cxx:260, start_server()]
2022-04-27T15:23:40.599_687+00:00 [42497] [INFO] wait for HB, for 50 + [1000, 2000] ms	[raft_server.cxx:285, start_server()]
2022-04-27T15:23:40.600_209+00:00 [42533] [INFO] bg append_entries thread initiated	[handle_append_entries.cxx:49, append_entries_in_bg()]
2022-04-27T15:23:41.651_867+00:00 [42504] [WARN] Election timeout, initiate leader election	[handle_timeout.cxx:286, handle_election_timeout()]
2022-04-27T15:23:41.651_880+00:00 [42504] [INFO] [PRIORITY] decay, target 1 -> 1, mine 50	[handle_priority.cxx:211, decay_target_priority()]
2022-04-27T15:23:41.651_895+00:00 [42504] [INFO] [ELECTION TIMEOUT] current role: follower, log last term 0, state term 0, target p 1, my p 50, hb dead, pre-vote NOT done	[handle_timeout.cxx:299, handle_election_timeout()]
2022-04-27T15:23:41.651_911+00:00 [42504] [INFO] [VOTE INIT] my id 3, my role candidate, term 1, log idx 0, log term 0, priority (target 1 / mine 50)	[handle_vote.cxx:225, request_vote()]
2022-04-27T15:23:41.651_917+00:00 [42504] [INFO] number of pending commit elements: 0	[raft_server.cxx:940, become_leader()]
2022-04-27T15:23:41.651_921+00:00 [42504] [INFO] state machine commit index 0, precommit index 0, last log index 0	[raft_server.cxx:953, become_leader()]
2022-04-27T15:23:41.651_939+00:00 [42504] [INFO] [BECOME LEADER] appended new config at 1	[raft_server.cxx:993, become_leader()]
2022-04-27T15:23:41.651_989+00:00 [42532] [INFO] config at index 1 is committed, prev config log idx 0	[handle_commit.cxx:396, commit_conf()]
2022-04-27T15:23:41.651_997+00:00 [42532] [INFO] new config log idx 1, prev log idx 0, cur config log idx 0, prev log idx 0	[handle_commit.cxx:589, reconfigure()]
2022-04-27T15:23:41.652_008+00:00 [42532] [INFO] new configuration: log idx 1, prev log idx 0
peer 3, DC ID 1, tcp://localhost:12346, voting member, 50
my id: 3, leader: 3, term: 1	[handle_commit.cxx:809, reconfigure()]
2022-04-27T15:23:52.912_914+00:00 [42504] [INFO] receive a incoming rpc connection	[asio_service.cxx:809, handle_accept()]
2022-04-27T15:23:52.912_936+00:00 [42504] [INFO] session 1 got connection from 127.0.0.1:53584 (as a server)	[asio_service.cxx:248, prepare_handshake()]
2022-04-27T15:23:52.913_043+00:00 [42504] [INFO] got join cluster req from leader 1	[handle_join_leave.cxx:165, handle_join_cluster_req()]
2022-04-27T15:23:52.913_068+00:00 [42504] [INFO] new config log idx 2, prev log idx 1, cur config log idx 1, prev log idx 0	[handle_commit.cxx:589, reconfigure()]
2022-04-27T15:23:52.913_128+00:00 [42504] [INFO] server 1 is added to cluster	[handle_commit.cxx:667, reconfigure()]
2022-04-27T15:23:52.913_162+00:00 [42504] [INFO] server 2 is added to cluster	[handle_commit.cxx:667, reconfigure()]
2022-04-27T15:23:52.913_165+00:00 [42504] [INFO] peer 3 cannot be found, no action for removing	[handle_commit.cxx:761, reconfigure()]
2022-04-27T15:23:52.913_167+00:00 [42504] [INFO] add peer 1, tcp://localhost:12347, voting member
add peer 2, tcp://localhost:12345, voting member	[handle_commit.cxx:766, reconfigure()]
2022-04-27T15:23:52.913_176+00:00 [42504] [INFO] new configuration: log idx 2, prev log idx 1
peer 1, DC ID 1, tcp://localhost:12347, voting member, 50
peer 2, DC ID 1, tcp://localhost:12345, voting member, 50
my id: 3, leader: 1, term: 1	[handle_commit.cxx:809, reconfigure()]
2022-04-27T15:23:52.913_919+00:00 [42504] [ERRO] session 1 failed to read rpc header from socket 127.0.0.1:53584 due to error 2, End of file, ref count 1	[asio_service.cxx:315, operator()()]
2022-04-27T15:24:43.246_429+00:00 [42630] [====] Start logger: ./srv3.log (32 MB per file, up to 10 files)	[logger.cc:979, start()]
2022-04-27T15:24:43.247_828+00:00 [42630] [INFO] Raft ASIO listener initiated, UNSECURED	[asio_service.cxx:749, asio_rpc_listener()]
2022-04-27T15:24:43.247_857+00:00 [42630] [INFO] parameters: timeout 1000 - 2000, heartbeat 500, leadership expiry 10000, max batch 100, backoff 50, snapshot distance 100000, log sync stop gap 99999, reserved logs 10000000, client timeout 4000, auto forwarding ON, API call type BLOCKING, custom commit quorum size 0, custom election quorum size 0, snapshot receiver INCLUDED, leadership transfer wait time 0, grace period of lagging state machine 0, snapshot IO: BLOCKING, parallel log appending: OFF	[raft_server.cxx:352, apply_and_log_current_params()]
2022-04-27T15:24:43.247_863+00:00 [42630] [INFO] new timeout range: 1000 -- 2000	[raft_server.cxx:326, update_rand_timeout()]
2022-04-27T15:24:43.247_886+00:00 [42630] [INFO]    === INIT RAFT SERVER ===
commit index 0
term 0
election timer allowed
log store start 1, end 0
config log idx 0, prev log idx 0	[raft_server.cxx:149, raft_server()]
2022-04-27T15:24:43.247_891+00:00 [42630] [INFO] peer 3: DC ID 1, tcp://localhost:12346, voting member, 50
my id: 3, voting_member
num peers: 0	[raft_server.cxx:242, raft_server()]
2022-04-27T15:24:43.247_893+00:00 [42630] [INFO] global manager does not exist. will use local thread for commit and append	[raft_server.cxx:260, start_server()]
2022-04-27T15:24:43.247_923+00:00 [42630] [INFO] wait for HB, for 50 + [1000, 2000] ms	[raft_server.cxx:285, start_server()]
2022-04-27T15:24:43.248_067+00:00 [42666] [INFO] bg append_entries thread initiated	[handle_append_entries.cxx:49, append_entries_in_bg()]
2022-04-27T15:24:44.984_258+00:00 [42637] [WARN] Election timeout, initiate leader election	[handle_timeout.cxx:286, handle_election_timeout()]
2022-04-27T15:24:44.984_283+00:00 [42637] [INFO] [PRIORITY] decay, target 1 -> 1, mine 50	[handle_priority.cxx:211, decay_target_priority()]
2022-04-27T15:24:44.984_320+00:00 [42637] [INFO] [ELECTION TIMEOUT] current role: follower, log last term 0, state term 0, target p 1, my p 50, hb dead, pre-vote NOT done	[handle_timeout.cxx:299, handle_election_timeout()]
2022-04-27T15:24:44.984_347+00:00 [42637] [INFO] [VOTE INIT] my id 3, my role candidate, term 1, log idx 0, log term 0, priority (target 1 / mine 50)	[handle_vote.cxx:225, request_vote()]
2022-04-27T15:24:44.984_363+00:00 [42637] [INFO] number of pending commit elements: 0	[raft_server.cxx:940, become_leader()]
2022-04-27T15:24:44.984_373+00:00 [42637] [INFO] state machine commit index 0, precommit index 0, last log index 0	[raft_server.cxx:953, become_leader()]
2022-04-27T15:24:44.984_421+00:00 [42637] [INFO] [BECOME LEADER] appended new config at 1	[raft_server.cxx:993, become_leader()]
2022-04-27T15:24:44.984_563+00:00 [42665] [INFO] config at index 1 is committed, prev config log idx 0	[handle_commit.cxx:396, commit_conf()]
2022-04-27T15:24:44.984_590+00:00 [42665] [INFO] new config log idx 1, prev log idx 0, cur config log idx 0, prev log idx 0	[handle_commit.cxx:589, reconfigure()]
2022-04-27T15:24:44.984_616+00:00 [42665] [INFO] new configuration: log idx 1, prev log idx 0
peer 3, DC ID 1, tcp://localhost:12346, voting member, 50
my id: 3, leader: 3, term: 1	[handle_commit.cxx:809, reconfigure()]
2022-04-27T15:24:55.060_582+00:00 [42637] [INFO] receive a incoming rpc connection	[asio_service.cxx:809, handle_accept()]
2022-04-27T15:24:55.060_603+00:00 [42637] [INFO] session 1 got connection from 127.0.0.1:53692 (as a server)	[asio_service.cxx:248, prepare_handshake()]
2022-04-27T15:24:55.060_704+00:00 [42637] [INFO] got join cluster req from leader 1	[handle_join_leave.cxx:165, handle_join_cluster_req()]
2022-04-27T15:24:55.060_726+00:00 [42637] [INFO] new config log idx 2, prev log idx 1, cur config log idx 1, prev log idx 0	[handle_commit.cxx:589, reconfigure()]
2022-04-27T15:24:55.060_782+00:00 [42637] [INFO] server 1 is added to cluster	[handle_commit.cxx:667, reconfigure()]
2022-04-27T15:24:55.060_811+00:00 [42637] [INFO] server 2 is added to cluster	[handle_commit.cxx:667, reconfigure()]
2022-04-27T15:24:55.060_813+00:00 [42637] [INFO] peer 3 cannot be found, no action for removing	[handle_commit.cxx:761, reconfigure()]
2022-04-27T15:24:55.060_815+00:00 [42637] [INFO] add peer 1, tcp://localhost:12347, voting member
add peer 2, tcp://localhost:12345, voting member	[handle_commit.cxx:766, reconfigure()]
2022-04-27T15:24:55.060_822+00:00 [42637] [INFO] new configuration: log idx 2, prev log idx 1
peer 1, DC ID 1, tcp://localhost:12347, voting member, 50
peer 2, DC ID 1, tcp://localhost:12345, voting member, 50
my id: 3, leader: 1, term: 1	[handle_commit.cxx:809, reconfigure()]
2022-04-27T15:24:55.061_541+00:00 [42637] [ERRO] session 1 failed to read rpc header from socket 127.0.0.1:53692 due to error 2, End of file, ref count 1	[asio_service.cxx:315, operator()()]
2022-04-27T15:25:45.396_463+00:00 [42763] [====] Start logger: ./srv3.log (32 MB per file, up to 10 files)	[logger.cc:979, start()]
2022-04-27T15:25:45.397_835+00:00 [42763] [INFO] Raft ASIO listener initiated, UNSECURED	[asio_service.cxx:749, asio_rpc_listener()]
2022-04-27T15:25:45.397_865+00:00 [42763] [INFO] parameters: timeout 1000 - 2000, heartbeat 500, leadership expiry 10000, max batch 100, backoff 50, snapshot distance 100000, log sync stop gap 99999, reserved logs 10000000, client timeout 4000, auto forwarding ON, API call type BLOCKING, custom commit quorum size 0, custom election quorum size 0, snapshot receiver INCLUDED, leadership transfer wait time 0, grace period of lagging state machine 0, snapshot IO: BLOCKING, parallel log appending: OFF	[raft_server.cxx:352, apply_and_log_current_params()]
2022-04-27T15:25:45.397_872+00:00 [42763] [INFO] new timeout range: 1000 -- 2000	[raft_server.cxx:326, update_rand_timeout()]
2022-04-27T15:25:45.397_896+00:00 [42763] [INFO]    === INIT RAFT SERVER ===
commit index 0
term 0
election timer allowed
log store start 1, end 0
config log idx 0, prev log idx 0	[raft_server.cxx:149, raft_server()]
2022-04-27T15:25:45.397_900+00:00 [42763] [INFO] peer 3: DC ID 1, tcp://localhost:12346, voting member, 50
my id: 3, voting_member
num peers: 0	[raft_server.cxx:242, raft_server()]
2022-04-27T15:25:45.397_903+00:00 [42763] [INFO] global manager does not exist. will use local thread for commit and append	[raft_server.cxx:260, start_server()]
2022-04-27T15:25:45.397_934+00:00 [42763] [INFO] wait for HB, for 50 + [1000, 2000] ms	[raft_server.cxx:285, start_server()]
2022-04-27T15:25:45.398_085+00:00 [42799] [INFO] bg append_entries thread initiated	[handle_append_entries.cxx:49, append_entries_in_bg()]
2022-04-27T15:25:46.896_244+00:00 [42770] [WARN] Election timeout, initiate leader election	[handle_timeout.cxx:286, handle_election_timeout()]
2022-04-27T15:25:46.896_257+00:00 [42770] [INFO] [PRIORITY] decay, target 1 -> 1, mine 50	[handle_priority.cxx:211, decay_target_priority()]
2022-04-27T15:25:46.896_273+00:00 [42770] [INFO] [ELECTION TIMEOUT] current role: follower, log last term 0, state term 0, target p 1, my p 50, hb dead, pre-vote NOT done	[handle_timeout.cxx:299, handle_election_timeout()]
2022-04-27T15:25:46.896_284+00:00 [42770] [INFO] [VOTE INIT] my id 3, my role candidate, term 1, log idx 0, log term 0, priority (target 1 / mine 50)	[handle_vote.cxx:225, request_vote()]
2022-04-27T15:25:46.896_291+00:00 [42770] [INFO] number of pending commit elements: 0	[raft_server.cxx:940, become_leader()]
2022-04-27T15:25:46.896_295+00:00 [42770] [INFO] state machine commit index 0, precommit index 0, last log index 0	[raft_server.cxx:953, become_leader()]
2022-04-27T15:25:46.896_314+00:00 [42770] [INFO] [BECOME LEADER] appended new config at 1	[raft_server.cxx:993, become_leader()]
2022-04-27T15:25:46.896_370+00:00 [42798] [INFO] config at index 1 is committed, prev config log idx 0	[handle_commit.cxx:396, commit_conf()]
2022-04-27T15:25:46.896_379+00:00 [42798] [INFO] new config log idx 1, prev log idx 0, cur config log idx 0, prev log idx 0	[handle_commit.cxx:589, reconfigure()]
2022-04-27T15:25:46.896_390+00:00 [42798] [INFO] new configuration: log idx 1, prev log idx 0
peer 3, DC ID 1, tcp://localhost:12346, voting member, 50
my id: 3, leader: 3, term: 1	[handle_commit.cxx:809, reconfigure()]
2022-04-27T15:26:47.297_927+00:00 [42901] [====] Start logger: ./srv3.log (32 MB per file, up to 10 files)	[logger.cc:979, start()]
2022-04-27T15:26:47.299_340+00:00 [42901] [INFO] Raft ASIO listener initiated, UNSECURED	[asio_service.cxx:749, asio_rpc_listener()]
2022-04-27T15:26:47.299_371+00:00 [42901] [INFO] parameters: timeout 1000 - 2000, heartbeat 500, leadership expiry 10000, max batch 100, backoff 50, snapshot distance 100000, log sync stop gap 99999, reserved logs 10000000, client timeout 4000, auto forwarding ON, API call type BLOCKING, custom commit quorum size 0, custom election quorum size 0, snapshot receiver INCLUDED, leadership transfer wait time 0, grace period of lagging state machine 0, snapshot IO: BLOCKING, parallel log appending: OFF	[raft_server.cxx:352, apply_and_log_current_params()]
2022-04-27T15:26:47.299_376+00:00 [42901] [INFO] new timeout range: 1000 -- 2000	[raft_server.cxx:326, update_rand_timeout()]
2022-04-27T15:26:47.299_399+00:00 [42901] [INFO]    === INIT RAFT SERVER ===
commit index 0
term 0
election timer allowed
log store start 1, end 0
config log idx 0, prev log idx 0	[raft_server.cxx:149, raft_server()]
2022-04-27T15:26:47.299_404+00:00 [42901] [INFO] peer 3: DC ID 1, tcp://localhost:12346, voting member, 50
my id: 3, voting_member
num peers: 0	[raft_server.cxx:242, raft_server()]
2022-04-27T15:26:47.299_406+00:00 [42901] [INFO] global manager does not exist. will use local thread for commit and append	[raft_server.cxx:260, start_server()]
2022-04-27T15:26:47.299_435+00:00 [42901] [INFO] wait for HB, for 50 + [1000, 2000] ms	[raft_server.cxx:285, start_server()]
2022-04-27T15:26:47.299_586+00:00 [42937] [INFO] bg append_entries thread initiated	[handle_append_entries.cxx:49, append_entries_in_bg()]
2022-04-27T15:26:48.895_651+00:00 [42908] [WARN] Election timeout, initiate leader election	[handle_timeout.cxx:286, handle_election_timeout()]
2022-04-27T15:26:48.895_663+00:00 [42908] [INFO] [PRIORITY] decay, target 1 -> 1, mine 50	[handle_priority.cxx:211, decay_target_priority()]
2022-04-27T15:26:48.895_679+00:00 [42908] [INFO] [ELECTION TIMEOUT] current role: follower, log last term 0, state term 0, target p 1, my p 50, hb dead, pre-vote NOT done	[handle_timeout.cxx:299, handle_election_timeout()]
2022-04-27T15:26:48.895_695+00:00 [42908] [INFO] [VOTE INIT] my id 3, my role candidate, term 1, log idx 0, log term 0, priority (target 1 / mine 50)	[handle_vote.cxx:225, request_vote()]
2022-04-27T15:26:48.895_702+00:00 [42908] [INFO] number of pending commit elements: 0	[raft_server.cxx:940, become_leader()]
2022-04-27T15:26:48.895_705+00:00 [42908] [INFO] state machine commit index 0, precommit index 0, last log index 0	[raft_server.cxx:953, become_leader()]
2022-04-27T15:26:48.895_723+00:00 [42908] [INFO] [BECOME LEADER] appended new config at 1	[raft_server.cxx:993, become_leader()]
2022-04-27T15:26:48.895_778+00:00 [42936] [INFO] config at index 1 is committed, prev config log idx 0	[handle_commit.cxx:396, commit_conf()]
2022-04-27T15:26:48.895_786+00:00 [42936] [INFO] new config log idx 1, prev log idx 0, cur config log idx 0, prev log idx 0	[handle_commit.cxx:589, reconfigure()]
2022-04-27T15:26:48.895_797+00:00 [42936] [INFO] new configuration: log idx 1, prev log idx 0
peer 3, DC ID 1, tcp://localhost:12346, voting member, 50
my id: 3, leader: 3, term: 1	[handle_commit.cxx:809, reconfigure()]
2022-04-27T15:26:59.111_991+00:00 [42908] [INFO] receive a incoming rpc connection	[asio_service.cxx:809, handle_accept()]
2022-04-27T15:26:59.112_012+00:00 [42908] [INFO] session 1 got connection from 127.0.0.1:53908 (as a server)	[asio_service.cxx:248, prepare_handshake()]
2022-04-27T15:26:59.112_116+00:00 [42908] [INFO] got join cluster req from leader 1	[handle_join_leave.cxx:165, handle_join_cluster_req()]
2022-04-27T15:26:59.112_141+00:00 [42908] [INFO] new config log idx 2, prev log idx 1, cur config log idx 1, prev log idx 0	[handle_commit.cxx:589, reconfigure()]
2022-04-27T15:26:59.112_203+00:00 [42908] [INFO] server 1 is added to cluster	[handle_commit.cxx:667, reconfigure()]
2022-04-27T15:26:59.112_237+00:00 [42908] [INFO] server 2 is added to cluster	[handle_commit.cxx:667, reconfigure()]
2022-04-27T15:26:59.112_241+00:00 [42908] [INFO] peer 3 cannot be found, no action for removing	[handle_commit.cxx:761, reconfigure()]
2022-04-27T15:26:59.112_243+00:00 [42908] [INFO] add peer 1, tcp://localhost:12347, voting member
add peer 2, tcp://localhost:12345, voting member	[handle_commit.cxx:766, reconfigure()]
2022-04-27T15:26:59.112_252+00:00 [42908] [INFO] new configuration: log idx 2, prev log idx 1
peer 1, DC ID 1, tcp://localhost:12347, voting member, 50
peer 2, DC ID 1, tcp://localhost:12345, voting member, 50
my id: 3, leader: 1, term: 1	[handle_commit.cxx:809, reconfigure()]
2022-04-27T15:26:59.112_954+00:00 [42908] [ERRO] session 1 failed to read rpc header from socket 127.0.0.1:53908 due to error 2, End of file, ref count 1	[asio_service.cxx:315, operator()()]
2022-04-27T15:27:49.443_708+00:00 [43088] [====] Start logger: ./srv3.log (32 MB per file, up to 10 files)	[logger.cc:979, start()]
2022-04-27T15:27:49.445_081+00:00 [43088] [INFO] Raft ASIO listener initiated, UNSECURED	[asio_service.cxx:749, asio_rpc_listener()]
2022-04-27T15:27:49.445_110+00:00 [43088] [INFO] parameters: timeout 1000 - 2000, heartbeat 500, leadership expiry 10000, max batch 100, backoff 50, snapshot distance 100000, log sync stop gap 99999, reserved logs 10000000, client timeout 4000, auto forwarding ON, API call type BLOCKING, custom commit quorum size 0, custom election quorum size 0, snapshot receiver INCLUDED, leadership transfer wait time 0, grace period of lagging state machine 0, snapshot IO: BLOCKING, parallel log appending: OFF	[raft_server.cxx:352, apply_and_log_current_params()]
2022-04-27T15:27:49.445_117+00:00 [43088] [INFO] new timeout range: 1000 -- 2000	[raft_server.cxx:326, update_rand_timeout()]
2022-04-27T15:27:49.445_143+00:00 [43088] [INFO]    === INIT RAFT SERVER ===
commit index 0
term 0
election timer allowed
log store start 1, end 0
config log idx 0, prev log idx 0	[raft_server.cxx:149, raft_server()]
2022-04-27T15:27:49.445_147+00:00 [43088] [INFO] peer 3: DC ID 1, tcp://localhost:12346, voting member, 50
my id: 3, voting_member
num peers: 0	[raft_server.cxx:242, raft_server()]
2022-04-27T15:27:49.445_150+00:00 [43088] [INFO] global manager does not exist. will use local thread for commit and append	[raft_server.cxx:260, start_server()]
2022-04-27T15:27:49.445_185+00:00 [43088] [INFO] wait for HB, for 50 + [1000, 2000] ms	[raft_server.cxx:285, start_server()]
2022-04-27T15:27:49.445_334+00:00 [43124] [INFO] bg append_entries thread initiated	[handle_append_entries.cxx:49, append_entries_in_bg()]
2022-04-27T15:27:50.584_421+00:00 [43095] [WARN] Election timeout, initiate leader election	[handle_timeout.cxx:286, handle_election_timeout()]
2022-04-27T15:27:50.584_433+00:00 [43095] [INFO] [PRIORITY] decay, target 1 -> 1, mine 50	[handle_priority.cxx:211, decay_target_priority()]
2022-04-27T15:27:50.584_448+00:00 [43095] [INFO] [ELECTION TIMEOUT] current role: follower, log last term 0, state term 0, target p 1, my p 50, hb dead, pre-vote NOT done	[handle_timeout.cxx:299, handle_election_timeout()]
2022-04-27T15:27:50.584_458+00:00 [43095] [INFO] [VOTE INIT] my id 3, my role candidate, term 1, log idx 0, log term 0, priority (target 1 / mine 50)	[handle_vote.cxx:225, request_vote()]
2022-04-27T15:27:50.584_464+00:00 [43095] [INFO] number of pending commit elements: 0	[raft_server.cxx:940, become_leader()]
2022-04-27T15:27:50.584_468+00:00 [43095] [INFO] state machine commit index 0, precommit index 0, last log index 0	[raft_server.cxx:953, become_leader()]
2022-04-27T15:27:50.584_487+00:00 [43095] [INFO] [BECOME LEADER] appended new config at 1	[raft_server.cxx:993, become_leader()]
2022-04-27T15:27:50.584_539+00:00 [43123] [INFO] config at index 1 is committed, prev config log idx 0	[handle_commit.cxx:396, commit_conf()]
2022-04-27T15:27:50.584_547+00:00 [43123] [INFO] new config log idx 1, prev log idx 0, cur config log idx 0, prev log idx 0	[handle_commit.cxx:589, reconfigure()]
2022-04-27T15:27:50.584_564+00:00 [43123] [INFO] new configuration: log idx 1, prev log idx 0
peer 3, DC ID 1, tcp://localhost:12346, voting member, 50
my id: 3, leader: 3, term: 1	[handle_commit.cxx:809, reconfigure()]
2022-04-27T15:28:51.838_788+00:00 [43291] [====] Start logger: ./srv3.log (32 MB per file, up to 10 files)	[logger.cc:979, start()]
2022-04-27T15:28:51.840_169+00:00 [43291] [INFO] Raft ASIO listener initiated, UNSECURED	[asio_service.cxx:749, asio_rpc_listener()]
2022-04-27T15:28:51.840_199+00:00 [43291] [INFO] parameters: timeout 1000 - 2000, heartbeat 500, leadership expiry 10000, max batch 100, backoff 50, snapshot distance 100000, log sync stop gap 99999, reserved logs 10000000, client timeout 4000, auto forwarding ON, API call type BLOCKING, custom commit quorum size 0, custom election quorum size 0, snapshot receiver INCLUDED, leadership transfer wait time 0, grace period of lagging state machine 0, snapshot IO: BLOCKING, parallel log appending: OFF	[raft_server.cxx:352, apply_and_log_current_params()]
2022-04-27T15:28:51.840_205+00:00 [43291] [INFO] new timeout range: 1000 -- 2000	[raft_server.cxx:326, update_rand_timeout()]
2022-04-27T15:28:51.840_227+00:00 [43291] [INFO]    === INIT RAFT SERVER ===
commit index 0
term 0
election timer allowed
log store start 1, end 0
config log idx 0, prev log idx 0	[raft_server.cxx:149, raft_server()]
2022-04-27T15:28:51.840_231+00:00 [43291] [INFO] peer 3: DC ID 1, tcp://localhost:12346, voting member, 50
my id: 3, voting_member
num peers: 0	[raft_server.cxx:242, raft_server()]
2022-04-27T15:28:51.840_234+00:00 [43291] [INFO] global manager does not exist. will use local thread for commit and append	[raft_server.cxx:260, start_server()]
2022-04-27T15:28:51.840_269+00:00 [43291] [INFO] wait for HB, for 50 + [1000, 2000] ms	[raft_server.cxx:285, start_server()]
2022-04-27T15:28:51.840_419+00:00 [43327] [INFO] bg append_entries thread initiated	[handle_append_entries.cxx:49, append_entries_in_bg()]
2022-04-27T15:28:52.955_492+00:00 [43298] [WARN] Election timeout, initiate leader election	[handle_timeout.cxx:286, handle_election_timeout()]
2022-04-27T15:28:52.955_504+00:00 [43298] [INFO] [PRIORITY] decay, target 1 -> 1, mine 50	[handle_priority.cxx:211, decay_target_priority()]
2022-04-27T15:28:52.955_520+00:00 [43298] [INFO] [ELECTION TIMEOUT] current role: follower, log last term 0, state term 0, target p 1, my p 50, hb dead, pre-vote NOT done	[handle_timeout.cxx:299, handle_election_timeout()]
2022-04-27T15:28:52.955_538+00:00 [43298] [INFO] [VOTE INIT] my id 3, my role candidate, term 1, log idx 0, log term 0, priority (target 1 / mine 50)	[handle_vote.cxx:225, request_vote()]
2022-04-27T15:28:52.955_544+00:00 [43298] [INFO] number of pending commit elements: 0	[raft_server.cxx:940, become_leader()]
2022-04-27T15:28:52.955_548+00:00 [43298] [INFO] state machine commit index 0, precommit index 0, last log index 0	[raft_server.cxx:953, become_leader()]
2022-04-27T15:28:52.955_568+00:00 [43298] [INFO] [BECOME LEADER] appended new config at 1	[raft_server.cxx:993, become_leader()]
2022-04-27T15:28:52.955_624+00:00 [43326] [INFO] config at index 1 is committed, prev config log idx 0	[handle_commit.cxx:396, commit_conf()]
2022-04-27T15:28:52.955_633+00:00 [43326] [INFO] new config log idx 1, prev log idx 0, cur config log idx 0, prev log idx 0	[handle_commit.cxx:589, reconfigure()]
2022-04-27T15:28:52.955_644+00:00 [43326] [INFO] new configuration: log idx 1, prev log idx 0
peer 3, DC ID 1, tcp://localhost:12346, voting member, 50
my id: 3, leader: 3, term: 1	[handle_commit.cxx:809, reconfigure()]
2022-04-27T15:29:04.153_530+00:00 [43298] [INFO] receive a incoming rpc connection	[asio_service.cxx:809, handle_accept()]
2022-04-27T15:29:04.153_556+00:00 [43298] [INFO] session 1 got connection from 127.0.0.1:54118 (as a server)	[asio_service.cxx:248, prepare_handshake()]
2022-04-27T15:29:04.153_670+00:00 [43298] [INFO] got join cluster req from leader 1	[handle_join_leave.cxx:165, handle_join_cluster_req()]
2022-04-27T15:29:04.153_697+00:00 [43298] [INFO] new config log idx 2, prev log idx 1, cur config log idx 1, prev log idx 0	[handle_commit.cxx:589, reconfigure()]
2022-04-27T15:29:04.153_764+00:00 [43298] [INFO] server 1 is added to cluster	[handle_commit.cxx:667, reconfigure()]
2022-04-27T15:29:04.153_804+00:00 [43298] [INFO] server 2 is added to cluster	[handle_commit.cxx:667, reconfigure()]
2022-04-27T15:29:04.153_807+00:00 [43298] [INFO] peer 3 cannot be found, no action for removing	[handle_commit.cxx:761, reconfigure()]
2022-04-27T15:29:04.153_810+00:00 [43298] [INFO] add peer 1, tcp://localhost:12347, voting member
add peer 2, tcp://localhost:12345, voting member	[handle_commit.cxx:766, reconfigure()]
2022-04-27T15:29:04.153_819+00:00 [43298] [INFO] new configuration: log idx 2, prev log idx 1
peer 1, DC ID 1, tcp://localhost:12347, voting member, 50
peer 2, DC ID 1, tcp://localhost:12345, voting member, 50
my id: 3, leader: 1, term: 1	[handle_commit.cxx:809, reconfigure()]
2022-04-27T15:29:04.154_614+00:00 [43298] [ERRO] session 1 failed to read rpc header from socket 127.0.0.1:54118 due to error 2, End of file, ref count 1	[asio_service.cxx:315, operator()()]
2022-04-27T15:29:54.490_123+00:00 [43504] [====] Start logger: ./srv3.log (32 MB per file, up to 10 files)	[logger.cc:979, start()]
2022-04-27T15:29:54.491_588+00:00 [43504] [INFO] Raft ASIO listener initiated, UNSECURED	[asio_service.cxx:749, asio_rpc_listener()]
2022-04-27T15:29:54.491_619+00:00 [43504] [INFO] parameters: timeout 1000 - 2000, heartbeat 500, leadership expiry 10000, max batch 100, backoff 50, snapshot distance 100000, log sync stop gap 99999, reserved logs 10000000, client timeout 4000, auto forwarding ON, API call type BLOCKING, custom commit quorum size 0, custom election quorum size 0, snapshot receiver INCLUDED, leadership transfer wait time 0, grace period of lagging state machine 0, snapshot IO: BLOCKING, parallel log appending: OFF	[raft_server.cxx:352, apply_and_log_current_params()]
2022-04-27T15:29:54.491_625+00:00 [43504] [INFO] new timeout range: 1000 -- 2000	[raft_server.cxx:326, update_rand_timeout()]
2022-04-27T15:29:54.491_650+00:00 [43504] [INFO]    === INIT RAFT SERVER ===
commit index 0
term 0
election timer allowed
log store start 1, end 0
config log idx 0, prev log idx 0	[raft_server.cxx:149, raft_server()]
2022-04-27T15:29:54.491_654+00:00 [43504] [INFO] peer 3: DC ID 1, tcp://localhost:12346, voting member, 50
my id: 3, voting_member
num peers: 0	[raft_server.cxx:242, raft_server()]
2022-04-27T15:29:54.491_657+00:00 [43504] [INFO] global manager does not exist. will use local thread for commit and append	[raft_server.cxx:260, start_server()]
2022-04-27T15:29:54.491_693+00:00 [43504] [INFO] wait for HB, for 50 + [1000, 2000] ms	[raft_server.cxx:285, start_server()]
2022-04-27T15:29:54.491_846+00:00 [43540] [INFO] bg append_entries thread initiated	[handle_append_entries.cxx:49, append_entries_in_bg()]
2022-04-27T15:29:56.071_927+00:00 [43511] [WARN] Election timeout, initiate leader election	[handle_timeout.cxx:286, handle_election_timeout()]
2022-04-27T15:29:56.071_940+00:00 [43511] [INFO] [PRIORITY] decay, target 1 -> 1, mine 50	[handle_priority.cxx:211, decay_target_priority()]
2022-04-27T15:29:56.071_958+00:00 [43511] [INFO] [ELECTION TIMEOUT] current role: follower, log last term 0, state term 0, target p 1, my p 50, hb dead, pre-vote NOT done	[handle_timeout.cxx:299, handle_election_timeout()]
2022-04-27T15:29:56.071_970+00:00 [43511] [INFO] [VOTE INIT] my id 3, my role candidate, term 1, log idx 0, log term 0, priority (target 1 / mine 50)	[handle_vote.cxx:225, request_vote()]
2022-04-27T15:29:56.071_976+00:00 [43511] [INFO] number of pending commit elements: 0	[raft_server.cxx:940, become_leader()]
2022-04-27T15:29:56.071_980+00:00 [43511] [INFO] state machine commit index 0, precommit index 0, last log index 0	[raft_server.cxx:953, become_leader()]
2022-04-27T15:29:56.072_000+00:00 [43511] [INFO] [BECOME LEADER] appended new config at 1	[raft_server.cxx:993, become_leader()]
2022-04-27T15:29:56.072_057+00:00 [43539] [INFO] config at index 1 is committed, prev config log idx 0	[handle_commit.cxx:396, commit_conf()]
2022-04-27T15:29:56.072_065+00:00 [43539] [INFO] new config log idx 1, prev log idx 0, cur config log idx 0, prev log idx 0	[handle_commit.cxx:589, reconfigure()]
2022-04-27T15:29:56.072_076+00:00 [43539] [INFO] new configuration: log idx 1, prev log idx 0
peer 3, DC ID 1, tcp://localhost:12346, voting member, 50
my id: 3, leader: 3, term: 1	[handle_commit.cxx:809, reconfigure()]
2022-04-27T15:30:06.805_010+00:00 [43511] [INFO] receive a incoming rpc connection	[asio_service.cxx:809, handle_accept()]
2022-04-27T15:30:06.805_034+00:00 [43511] [INFO] session 1 got connection from 127.0.0.1:54228 (as a server)	[asio_service.cxx:248, prepare_handshake()]
2022-04-27T15:30:06.805_144+00:00 [43511] [INFO] got join cluster req from leader 1	[handle_join_leave.cxx:165, handle_join_cluster_req()]
2022-04-27T15:30:06.805_169+00:00 [43511] [INFO] new config log idx 2, prev log idx 1, cur config log idx 1, prev log idx 0	[handle_commit.cxx:589, reconfigure()]
2022-04-27T15:30:06.805_231+00:00 [43511] [INFO] server 1 is added to cluster	[handle_commit.cxx:667, reconfigure()]
2022-04-27T15:30:06.805_265+00:00 [43511] [INFO] server 2 is added to cluster	[handle_commit.cxx:667, reconfigure()]
2022-04-27T15:30:06.805_268+00:00 [43511] [INFO] peer 3 cannot be found, no action for removing	[handle_commit.cxx:761, reconfigure()]
2022-04-27T15:30:06.805_270+00:00 [43511] [INFO] add peer 1, tcp://localhost:12347, voting member
add peer 2, tcp://localhost:12345, voting member	[handle_commit.cxx:766, reconfigure()]
2022-04-27T15:30:06.805_279+00:00 [43511] [INFO] new configuration: log idx 2, prev log idx 1
peer 1, DC ID 1, tcp://localhost:12347, voting member, 50
peer 2, DC ID 1, tcp://localhost:12345, voting member, 50
my id: 3, leader: 1, term: 1	[handle_commit.cxx:809, reconfigure()]
2022-04-27T15:30:06.806_031+00:00 [43511] [ERRO] session 1 failed to read rpc header from socket 127.0.0.1:54228 due to error 2, End of file, ref count 1	[asio_service.cxx:315, operator()()]
2022-04-27T15:30:57.146_610+00:00 [43711] [====] Start logger: ./srv3.log (32 MB per file, up to 10 files)	[logger.cc:979, start()]
2022-04-27T15:30:57.148_038+00:00 [43711] [INFO] Raft ASIO listener initiated, UNSECURED	[asio_service.cxx:749, asio_rpc_listener()]
2022-04-27T15:30:57.148_073+00:00 [43711] [INFO] parameters: timeout 1000 - 2000, heartbeat 500, leadership expiry 10000, max batch 100, backoff 50, snapshot distance 100000, log sync stop gap 99999, reserved logs 10000000, client timeout 4000, auto forwarding ON, API call type BLOCKING, custom commit quorum size 0, custom election quorum size 0, snapshot receiver INCLUDED, leadership transfer wait time 0, grace period of lagging state machine 0, snapshot IO: BLOCKING, parallel log appending: OFF	[raft_server.cxx:352, apply_and_log_current_params()]
2022-04-27T15:30:57.148_077+00:00 [43711] [INFO] new timeout range: 1000 -- 2000	[raft_server.cxx:326, update_rand_timeout()]
2022-04-27T15:30:57.148_097+00:00 [43711] [INFO]    === INIT RAFT SERVER ===
commit index 0
term 0
election timer allowed
log store start 1, end 0
config log idx 0, prev log idx 0	[raft_server.cxx:149, raft_server()]
2022-04-27T15:30:57.148_101+00:00 [43711] [INFO] peer 3: DC ID 1, tcp://localhost:12346, voting member, 50
my id: 3, voting_member
num peers: 0	[raft_server.cxx:242, raft_server()]
2022-04-27T15:30:57.148_104+00:00 [43711] [INFO] global manager does not exist. will use local thread for commit and append	[raft_server.cxx:260, start_server()]
2022-04-27T15:30:57.148_132+00:00 [43711] [INFO] wait for HB, for 50 + [1000, 2000] ms	[raft_server.cxx:285, start_server()]
2022-04-27T15:30:57.148_273+00:00 [43747] [INFO] bg append_entries thread initiated	[handle_append_entries.cxx:49, append_entries_in_bg()]
2022-04-27T15:30:58.305_348+00:00 [43718] [WARN] Election timeout, initiate leader election	[handle_timeout.cxx:286, handle_election_timeout()]
2022-04-27T15:30:58.305_361+00:00 [43718] [INFO] [PRIORITY] decay, target 1 -> 1, mine 50	[handle_priority.cxx:211, decay_target_priority()]
2022-04-27T15:30:58.305_378+00:00 [43718] [INFO] [ELECTION TIMEOUT] current role: follower, log last term 0, state term 0, target p 1, my p 50, hb dead, pre-vote NOT done	[handle_timeout.cxx:299, handle_election_timeout()]
2022-04-27T15:30:58.305_390+00:00 [43718] [INFO] [VOTE INIT] my id 3, my role candidate, term 1, log idx 0, log term 0, priority (target 1 / mine 50)	[handle_vote.cxx:225, request_vote()]
2022-04-27T15:30:58.305_397+00:00 [43718] [INFO] number of pending commit elements: 0	[raft_server.cxx:940, become_leader()]
2022-04-27T15:30:58.305_402+00:00 [43718] [INFO] state machine commit index 0, precommit index 0, last log index 0	[raft_server.cxx:953, become_leader()]
2022-04-27T15:30:58.305_422+00:00 [43718] [INFO] [BECOME LEADER] appended new config at 1	[raft_server.cxx:993, become_leader()]
2022-04-27T15:30:58.305_480+00:00 [43746] [INFO] config at index 1 is committed, prev config log idx 0	[handle_commit.cxx:396, commit_conf()]
2022-04-27T15:30:58.305_489+00:00 [43746] [INFO] new config log idx 1, prev log idx 0, cur config log idx 0, prev log idx 0	[handle_commit.cxx:589, reconfigure()]
2022-04-27T15:30:58.305_501+00:00 [43746] [INFO] new configuration: log idx 1, prev log idx 0
peer 3, DC ID 1, tcp://localhost:12346, voting member, 50
my id: 3, leader: 3, term: 1	[handle_commit.cxx:809, reconfigure()]
2022-04-27T15:31:59.051_657+00:00 [43932] [====] Start logger: ./srv3.log (32 MB per file, up to 10 files)	[logger.cc:979, start()]
2022-04-27T15:31:59.053_032+00:00 [43932] [INFO] Raft ASIO listener initiated, UNSECURED	[asio_service.cxx:749, asio_rpc_listener()]
2022-04-27T15:31:59.053_067+00:00 [43932] [INFO] parameters: timeout 1000 - 2000, heartbeat 500, leadership expiry 10000, max batch 100, backoff 50, snapshot distance 100000, log sync stop gap 99999, reserved logs 10000000, client timeout 4000, auto forwarding ON, API call type BLOCKING, custom commit quorum size 0, custom election quorum size 0, snapshot receiver INCLUDED, leadership transfer wait time 0, grace period of lagging state machine 0, snapshot IO: BLOCKING, parallel log appending: OFF	[raft_server.cxx:352, apply_and_log_current_params()]
2022-04-27T15:31:59.053_071+00:00 [43932] [INFO] new timeout range: 1000 -- 2000	[raft_server.cxx:326, update_rand_timeout()]
2022-04-27T15:31:59.053_095+00:00 [43932] [INFO]    === INIT RAFT SERVER ===
commit index 0
term 0
election timer allowed
log store start 1, end 0
config log idx 0, prev log idx 0	[raft_server.cxx:149, raft_server()]
2022-04-27T15:31:59.053_099+00:00 [43932] [INFO] peer 3: DC ID 1, tcp://localhost:12346, voting member, 50
my id: 3, voting_member
num peers: 0	[raft_server.cxx:242, raft_server()]
2022-04-27T15:31:59.053_102+00:00 [43932] [INFO] global manager does not exist. will use local thread for commit and append	[raft_server.cxx:260, start_server()]
2022-04-27T15:31:59.053_140+00:00 [43932] [INFO] wait for HB, for 50 + [1000, 2000] ms	[raft_server.cxx:285, start_server()]
2022-04-27T15:31:59.053_289+00:00 [43968] [INFO] bg append_entries thread initiated	[handle_append_entries.cxx:49, append_entries_in_bg()]
2022-04-27T15:32:00.243_378+00:00 [43939] [WARN] Election timeout, initiate leader election	[handle_timeout.cxx:286, handle_election_timeout()]
2022-04-27T15:32:00.243_390+00:00 [43939] [INFO] [PRIORITY] decay, target 1 -> 1, mine 50	[handle_priority.cxx:211, decay_target_priority()]
2022-04-27T15:32:00.243_405+00:00 [43939] [INFO] [ELECTION TIMEOUT] current role: follower, log last term 0, state term 0, target p 1, my p 50, hb dead, pre-vote NOT done	[handle_timeout.cxx:299, handle_election_timeout()]
2022-04-27T15:32:00.243_416+00:00 [43939] [INFO] [VOTE INIT] my id 3, my role candidate, term 1, log idx 0, log term 0, priority (target 1 / mine 50)	[handle_vote.cxx:225, request_vote()]
2022-04-27T15:32:00.243_422+00:00 [43939] [INFO] number of pending commit elements: 0	[raft_server.cxx:940, become_leader()]
2022-04-27T15:32:00.243_426+00:00 [43939] [INFO] state machine commit index 0, precommit index 0, last log index 0	[raft_server.cxx:953, become_leader()]
2022-04-27T15:32:00.243_445+00:00 [43939] [INFO] [BECOME LEADER] appended new config at 1	[raft_server.cxx:993, become_leader()]
2022-04-27T15:32:00.243_499+00:00 [43967] [INFO] config at index 1 is committed, prev config log idx 0	[handle_commit.cxx:396, commit_conf()]
2022-04-27T15:32:00.243_507+00:00 [43967] [INFO] new config log idx 1, prev log idx 0, cur config log idx 0, prev log idx 0	[handle_commit.cxx:589, reconfigure()]
2022-04-27T15:32:00.243_518+00:00 [43967] [INFO] new configuration: log idx 1, prev log idx 0
peer 3, DC ID 1, tcp://localhost:12346, voting member, 50
my id: 3, leader: 3, term: 1	[handle_commit.cxx:809, reconfigure()]
